# JRE version: OpenJDK Runtime Environment (8.0_152-b02) (build 1.8.0_152-release-1024-b02)
# Java VM: OpenJDK 64-Bit Server VM (25.152-b02 mixed mode windows-amd64 compressed oops)
Heap:
 PSYoungGen      total 486400K, used 443015K [0x00000000e0000000, 0x00000000ffc80000, 0x0000000100000000)
  eden space 453632K, 94% used [0x00000000e0000000,0x00000000fa2bae80,0x00000000fbb00000)
  from space 32768K, 43% used [0x00000000fbb00000,0x00000000fc8e6e00,0x00000000fdb00000)
  to   space 30720K, 0% used [0x00000000fde80000,0x00000000fde80000,0x00000000ffc80000)
 ParOldGen       total 315904K, used 132422K [0x00000000a0000000, 0x00000000b3480000, 0x00000000e0000000)
  object space 315904K, 41% used [0x00000000a0000000,0x00000000a8151990,0x00000000b3480000)
 Metaspace       used 92186K, capacity 99023K, committed 99288K, reserved 1136640K
  class space    used 11564K, capacity 12701K, committed 12800K, reserved 1048576K
GC Heap History (10 events):
Event: 2619.244 GC heap before
{Heap before GC invocations=52 (full 5):
 PSYoungGen      total 476672K, used 450373K [0x00000000e0000000, 0x00000000ffa00000, 0x0000000100000000)
  eden space 438272K, 99% used [0x00000000e0000000,0x00000000fabb2880,0x00000000fac00000)
  from space 38400K, 32% used [0x00000000fd480000,0x00000000fe09ec88,0x00000000ffa00000)
  to   space 39936K, 0% used [0x00000000fac00000,0x00000000fac00000,0x00000000fd300000)
 ParOldGen       total 315904K, used 132382K [0x00000000a0000000, 0x00000000b3480000, 0x00000000e0000000)
  object space 315904K, 41% used [0x00000000a0000000,0x00000000a8147990,0x00000000b3480000)
 Metaspace       used 89132K, capacity 93717K, committed 93912K, reserved 1130496K
  class space    used 11265K, capacity 12162K, committed 12288K, reserved 1048576K
Event: 2619.314 GC heap after
Heap after GC invocations=52 (full 5):
 PSYoungGen      total 478208K, used 13830K [0x00000000e0000000, 0x00000000ffd80000, 0x0000000100000000)
  eden space 438272K, 0% used [0x00000000e0000000,0x00000000e0000000,0x00000000fac00000)
  from space 39936K, 34% used [0x00000000fac00000,0x00000000fb981b40,0x00000000fd300000)
  to   space 37888K, 0% used [0x00000000fd880000,0x00000000fd880000,0x00000000ffd80000)
 ParOldGen       total 315904K, used 132390K [0x00000000a0000000, 0x00000000b3480000, 0x00000000e0000000)
  object space 315904K, 41% used [0x00000000a0000000,0x00000000a8149990,0x00000000b3480000)
 Metaspace       used 89132K, capacity 93717K, committed 93912K, reserved 1130496K
  class space    used 11265K, capacity 12162K, committed 12288K, reserved 1048576K
}
Event: 2755.495 GC heap before
{Heap before GC invocations=53 (full 5):
 PSYoungGen      total 478208K, used 452102K [0x00000000e0000000, 0x00000000ffd80000, 0x0000000100000000)
  eden space 438272K, 100% used [0x00000000e0000000,0x00000000fac00000,0x00000000fac00000)
  from space 39936K, 34% used [0x00000000fac00000,0x00000000fb981b40,0x00000000fd300000)
  to   space 37888K, 0% used [0x00000000fd880000,0x00000000fd880000,0x00000000ffd80000)
 ParOldGen       total 315904K, used 132390K [0x00000000a0000000, 0x00000000b3480000, 0x00000000e0000000)
  object space 315904K, 41% used [0x00000000a0000000,0x00000000a8149990,0x00000000b3480000)
 Metaspace       used 89722K, capacity 94817K, committed 95064K, reserved 1132544K
  class space    used 11337K, capacity 12293K, committed 12416K, reserved 1048576K
Event: 2755.531 GC heap after
Heap after GC invocations=53 (full 5):
 PSYoungGen      total 481792K, used 13531K [0x00000000e0000000, 0x00000000ffb00000, 0x0000000100000000)
  eden space 446464K, 0% used [0x00000000e0000000,0x00000000e0000000,0x00000000fb400000)
  from space 35328K, 38% used [0x00000000fd880000,0x00000000fe5b6fa8,0x00000000ffb00000)
  to   space 36352K, 0% used [0x00000000fb400000,0x00000000fb400000,0x00000000fd780000)
 ParOldGen       total 315904K, used 132398K [0x00000000a0000000, 0x00000000b3480000, 0x00000000e0000000)
  object space 315904K, 41% used [0x00000000a0000000,0x00000000a814b990,0x00000000b3480000)
 Metaspace       used 89722K, capacity 94817K, committed 95064K, reserved 1132544K
  class space    used 11337K, capacity 12293K, committed 12416K, reserved 1048576K
}
Event: 3444.172 GC heap before
{Heap before GC invocations=54 (full 5):
 PSYoungGen      total 481792K, used 459995K [0x00000000e0000000, 0x00000000ffb00000, 0x0000000100000000)
  eden space 446464K, 100% used [0x00000000e0000000,0x00000000fb400000,0x00000000fb400000)
  from space 35328K, 38% used [0x00000000fd880000,0x00000000fe5b6fa8,0x00000000ffb00000)
  to   space 36352K, 0% used [0x00000000fb400000,0x00000000fb400000,0x00000000fd780000)
 ParOldGen       total 315904K, used 132398K [0x00000000a0000000, 0x00000000b3480000, 0x00000000e0000000)
  object space 315904K, 41% used [0x00000000a0000000,0x00000000a814b990,0x00000000b3480000)
 Metaspace       used 90335K, capacity 95763K, committed 96088K, reserved 1132544K
  class space    used 11367K, capacity 12345K, committed 12416K, reserved 1048576K
Event: 3444.360 GC heap after
Heap after GC invocations=54 (full 5):
 PSYoungGen      total 482816K, used 13832K [0x00000000e0000000, 0x00000000ffd00000, 0x0000000100000000)
  eden space 446464K, 0% used [0x00000000e0000000,0x00000000e0000000,0x00000000fb400000)
  from space 36352K, 38% used [0x00000000fb400000,0x00000000fc182048,0x00000000fd780000)
  to   space 34304K, 0% used [0x00000000fdb80000,0x00000000fdb80000,0x00000000ffd00000)
 ParOldGen       total 315904K, used 132406K [0x00000000a0000000, 0x00000000b3480000, 0x00000000e0000000)
  object space 315904K, 41% used [0x00000000a0000000,0x00000000a814d990,0x00000000b3480000)
 Metaspace       used 90335K, capacity 95763K, committed 96088K, reserved 1132544K
  class space    used 11367K, capacity 12345K, committed 12416K, reserved 1048576K
}
Event: 3612.304 GC heap before
{Heap before GC invocations=55 (full 5):
 PSYoungGen      total 482816K, used 460296K [0x00000000e0000000, 0x00000000ffd00000, 0x0000000100000000)
  eden space 446464K, 100% used [0x00000000e0000000,0x00000000fb400000,0x00000000fb400000)
  from space 36352K, 38% used [0x00000000fb400000,0x00000000fc182048,0x00000000fd780000)
  to   space 34304K, 0% used [0x00000000fdb80000,0x00000000fdb80000,0x00000000ffd00000)
 ParOldGen       total 315904K, used 132406K [0x00000000a0000000, 0x00000000b3480000, 0x00000000e0000000)
  object space 315904K, 41% used [0x00000000a0000000,0x00000000a814d990,0x00000000b3480000)
 Metaspace       used 90812K, capacity 96371K, committed 96600K, reserved 1134592K
  class space    used 11385K, capacity 12374K, committed 12416K, reserved 1048576K
Event: 3612.328 GC heap after
Heap after GC invocations=55 (full 5):
 PSYoungGen      total 485888K, used 14420K [0x00000000e0000000, 0x00000000ffb00000, 0x0000000100000000)
  eden space 453632K, 0% used [0x00000000e0000000,0x00000000e0000000,0x00000000fbb00000)
  from space 32256K, 44% used [0x00000000fdb80000,0x00000000fe995170,0x00000000ffb00000)
  to   space 32768K, 0% used [0x00000000fbb00000,0x00000000fbb00000,0x00000000fdb00000)
 ParOldGen       total 315904K, used 132414K [0x00000000a0000000, 0x00000000b3480000, 0x00000000e0000000)
  object space 315904K, 41% used [0x00000000a0000000,0x00000000a814f990,0x00000000b3480000)
 Metaspace       used 90812K, capacity 96371K, committed 96600K, reserved 1134592K
  class space    used 11385K, capacity 12374K, committed 12416K, reserved 1048576K
}
Event: 3756.650 GC heap before
{Heap before GC invocations=56 (full 5):
 PSYoungGen      total 485888K, used 467091K [0x00000000e0000000, 0x00000000ffb00000, 0x0000000100000000)
  eden space 453632K, 99% used [0x00000000e0000000,0x00000000fba0fb40,0x00000000fbb00000)
  from space 32256K, 44% used [0x00000000fdb80000,0x00000000fe995170,0x00000000ffb00000)
  to   space 32768K, 0% used [0x00000000fbb00000,0x00000000fbb00000,0x00000000fdb00000)
 ParOldGen       total 315904K, used 132414K [0x00000000a0000000, 0x00000000b3480000, 0x00000000e0000000)
  object space 315904K, 41% used [0x00000000a0000000,0x00000000a814f990,0x00000000b3480000)
 Metaspace       used 91872K, capacity 98481K, committed 98776K, reserved 1134592K
  class space    used 11553K, capacity 12683K, committed 12800K, reserved 1048576K
Event: 3756.692 GC heap after
Heap after GC invocations=56 (full 5):
 PSYoungGen      total 486400K, used 14235K [0x00000000e0000000, 0x00000000ffc80000, 0x0000000100000000)
  eden space 453632K, 0% used [0x00000000e0000000,0x00000000e0000000,0x00000000fbb00000)
  from space 32768K, 43% used [0x00000000fbb00000,0x00000000fc8e6e00,0x00000000fdb00000)
  to   space 30720K, 0% used [0x00000000fde80000,0x00000000fde80000,0x00000000ffc80000)
 ParOldGen       total 315904K, used 132422K [0x00000000a0000000, 0x00000000b3480000, 0x00000000e0000000)
  object space 315904K, 41% used [0x00000000a0000000,0x00000000a8151990,0x00000000b3480000)
 Metaspace       used 91872K, capacity 98481K, committed 98776K, reserved 1134592K
  class space    used 11553K, capacity 12683K, committed 12800K, reserved 1048576K
}

